<?xml version="1.0" encoding="UTF-8"?>
<!-- Generated by org.testng.reporters.JUnitXMLReporter -->
<testsuite hostname="Laptop30" ignored="0" name="ChromeTest" tests="4" failures="1" timestamp="29 Mar 2020 14:50:40 GMT" time="112.894" errors="0">
  <testcase name="@AfterMethod tearDown" time="0.188" classname="com.Appypie.Page.baseClass">
    <failure type="java.lang.NullPointerException">
      <![CDATA[java.lang.NullPointerException
at com.Appypie.Page.baseClass.tearDown(baseClass.java:76)
... Removed 28 stack frames]]>
    </failure>
  </testcase> <!-- @AfterMethod tearDown -->
  <testcase name="loginTest" time="10.623" classname="com.Appypie.testCases.HomePageTestCases"/>
  <testcase name="creatorbtntest" time="10.317" classname="com.Appypie.testCases.HomePageTestCases">
    <failure type="java.lang.AssertionError" message="expected [https://snappy.appypie.com/appbuilder/creator-software/] but found [https://snappy.appypie.com/appbuilder/creator-software/?_ga=2.12443063.2052174636.1585493378-454766003.1585493378]">
      <![CDATA[java.lang.AssertionError: expected [https://snappy.appypie.com/appbuilder/creator-software/] but found [https://snappy.appypie.com/appbuilder/creator-software/?_ga=2.12443063.2052174636.1585493378-454766003.1585493378]
at com.Appypie.Page.HomePage.creatorbtn_Test(HomePage.java:197)
at com.Appypie.testCases.HomePageTestCases.creatorbtntest(HomePageTestCases.java:27)
... Removed 31 stack frames]]>
    </failure>
  </testcase> <!-- creatorbtntest -->
  <testcase name="logoClickTest" time="3.345" classname="com.Appypie.testCases.HomePageTestCases"/>
  <testcase name="signUpbtnTabTest" time="6.577" classname="com.Appypie.testCases.HomePageTestCases"/>
</testsuite> <!-- ChromeTest -->
