<?xml version="1.0" encoding="UTF-8"?>
<!-- Generated by org.testng.reporters.JUnitXMLReporter -->
<testsuite hostname="Laptop30" ignored="0" name="ChromeTest" tests="7" failures="1" timestamp="09 Nov 2019 07:03:16 GMT" time="173.113" errors="0">
  <testcase name="@AfterMethod tearDown" time="1.0" classname="com.Appypie.Page.baseClass">
    <failure type="java.lang.NullPointerException">
      <![CDATA[java.lang.NullPointerException
at com.Appypie.Page.baseClass.tearDown(baseClass.java:71)
... Removed 28 stack frames]]>
    </failure>
  </testcase> <!-- @AfterMethod tearDown -->
  <testcase name="changeLanguageTest" time="12.094" classname="com.Appypie.testCases.HomePageTestCases">
    <failure type="java.lang.AssertionError" message="expected [https://its.appypie.com/] but found [https://it.appypie.com/]">
      <![CDATA[java.lang.AssertionError: expected [https://its.appypie.com/] but found [https://it.appypie.com/]
at com.Appypie.Page.HomePage.verifyLanguageOptions(HomePage.java:117)
at com.Appypie.testCases.HomePageTestCases.changeLanguageTest(HomePageTestCases.java:44)
... Removed 31 stack frames]]>
    </failure>
  </testcase> <!-- changeLanguageTest -->
  <testcase name="logoClickTest" time="1.968" classname="com.Appypie.testCases.HomePageTestCases"/>
  <testcase name="signUpbtnTest" time="12.609" classname="com.Appypie.testCases.HomePageTestCases"/>
  <testcase name="appysearchtest" time="28.535" classname="com.Appypie.testCases.HomePageTestCases"/>
  <testcase name="languageIconTest" time="0.087" classname="com.Appypie.testCases.HomePageTestCases"/>
  <testcase name="checkLogoText" time="0.002" classname="com.Appypie.testCases.HomePageTestCases"/>
  <testcase name="loginTest" time="12.629" classname="com.Appypie.testCases.HomePageTestCases"/>
</testsuite> <!-- ChromeTest -->
