<?xml version="1.0" encoding="UTF-8"?>
<!-- Generated by org.testng.reporters.JUnitXMLReporter -->
<testsuite hostname="Laptop30" ignored="0" name="chromeTest" tests="7" failures="0" timestamp="11 Sep 2019 12:22:39 GMT" time="0.138" errors="0">
  <testcase name="@BeforeMethod launchBrowser" time="0.0" classname="com.Appypie.pages.baseClass">
    <failure type="java.lang.NullPointerException">
      <![CDATA[java.lang.NullPointerException
at com.Appypie.pages.baseClass.launchBrowser(baseClass.java:49)
... Removed 28 stack frames]]>
    </failure>
  </testcase> <!-- @BeforeMethod launchBrowser -->
  <testcase name="@AfterMethod tearDown" time="0.0" classname="com.Appypie.pages.baseClass">
    <skipped/>
  </testcase> <!-- @AfterMethod tearDown -->
  <testcase name="@BeforeMethod launchBrowser" time="0.0" classname="com.Appypie.pages.baseClass">
    <skipped/>
  </testcase> <!-- @BeforeMethod launchBrowser -->
  <testcase name="@AfterMethod tearDown" time="0.0" classname="com.Appypie.pages.baseClass">
    <skipped/>
  </testcase> <!-- @AfterMethod tearDown -->
  <testcase name="@BeforeMethod launchBrowser" time="0.0" classname="com.Appypie.pages.baseClass">
    <skipped/>
  </testcase> <!-- @BeforeMethod launchBrowser -->
  <testcase name="@AfterMethod tearDown" time="0.0" classname="com.Appypie.pages.baseClass">
    <skipped/>
  </testcase> <!-- @AfterMethod tearDown -->
  <testcase name="@BeforeMethod launchBrowser" time="0.0" classname="com.Appypie.pages.baseClass">
    <skipped/>
  </testcase> <!-- @BeforeMethod launchBrowser -->
  <testcase name="@AfterMethod tearDown" time="0.0" classname="com.Appypie.pages.baseClass">
    <skipped/>
  </testcase> <!-- @AfterMethod tearDown -->
  <testcase name="@BeforeMethod launchBrowser" time="0.0" classname="com.Appypie.pages.baseClass">
    <skipped/>
  </testcase> <!-- @BeforeMethod launchBrowser -->
  <testcase name="@AfterMethod tearDown" time="0.0" classname="com.Appypie.pages.baseClass">
    <skipped/>
  </testcase> <!-- @AfterMethod tearDown -->
  <testcase name="@BeforeMethod launchBrowser" time="0.0" classname="com.Appypie.pages.baseClass">
    <skipped/>
  </testcase> <!-- @BeforeMethod launchBrowser -->
  <testcase name="@AfterMethod tearDown" time="0.0" classname="com.Appypie.pages.baseClass">
    <skipped/>
  </testcase> <!-- @AfterMethod tearDown -->
  <testcase name="@BeforeMethod launchBrowser" time="0.0" classname="com.Appypie.pages.baseClass">
    <skipped/>
  </testcase> <!-- @BeforeMethod launchBrowser -->
  <testcase name="@AfterMethod tearDown" time="0.0" classname="com.Appypie.pages.baseClass">
    <skipped/>
  </testcase> <!-- @AfterMethod tearDown -->
  <testcase name="@AfterClass attachReport" time="0.0" classname="com.Appypie.pages.baseClass">
    <skipped/>
  </testcase> <!-- @AfterClass attachReport -->
  <testcase name="loginTest" time="0.0" classname="com.Appypie.testCases.HomePageTestCases">
    <skipped/>
  </testcase> <!-- loginTest -->
  <testcase name="checkLogoText" time="0.0" classname="com.Appypie.testCases.HomePageTestCases">
    <skipped/>
  </testcase> <!-- checkLogoText -->
  <testcase name="languageIconTest" time="0.0" classname="com.Appypie.testCases.HomePageTestCases">
    <skipped/>
  </testcase> <!-- languageIconTest -->
  <testcase name="changeLanguageTest" time="0.0" classname="com.Appypie.testCases.HomePageTestCases">
    <skipped/>
  </testcase> <!-- changeLanguageTest -->
  <testcase name="logoClickTest" time="0.0" classname="com.Appypie.testCases.HomePageTestCases">
    <skipped/>
  </testcase> <!-- logoClickTest -->
  <testcase name="signUpbtnTest" time="0.0" classname="com.Appypie.testCases.HomePageTestCases">
    <skipped/>
  </testcase> <!-- signUpbtnTest -->
  <testcase name="appysearchtest" time="0.0" classname="com.Appypie.testCases.HomePageTestCases">
    <skipped/>
  </testcase> <!-- appysearchtest -->
</testsuite> <!-- chromeTest -->
